  USBViewer.cpp
c:\users\lhl.liu\documents\visual studio 2015\projects\usbviewer2\usbviewer2\usbviewer.cpp(55): warning C4267: “初始化”: 从“size_t”转换到“DWORD”，可能丢失数据
c:\users\lhl.liu\documents\visual studio 2015\projects\usbviewer2\usbviewer2\usbviewer.cpp(150): warning C4018: “<”: 有符号/无符号不匹配
c:\users\lhl.liu\documents\visual studio 2015\projects\usbviewer2\usbviewer2\usbviewer.cpp(204): warning C4267: “参数”: 从“size_t”转换到“DWORD”，可能丢失数据
c:\users\lhl.liu\documents\visual studio 2015\projects\usbviewer2\usbviewer2\usbviewer.cpp(209): warning C4267: “参数”: 从“size_t”转换到“DWORD”，可能丢失数据
c:\users\lhl.liu\documents\visual studio 2015\projects\usbviewer2\usbviewer2\usbviewer.cpp(220): warning C4267: “参数”: 从“size_t”转换到“DWORD”，可能丢失数据
c:\users\lhl.liu\documents\visual studio 2015\projects\usbviewer2\usbviewer2\usbviewer.cpp(222): warning C4267: “参数”: 从“size_t”转换到“DWORD”，可能丢失数据
c:\users\lhl.liu\documents\visual studio 2015\projects\usbviewer2\usbviewer2\usbviewer.cpp(225): warning C4267: “参数”: 从“size_t”转换到“DWORD”，可能丢失数据
c:\users\lhl.liu\documents\visual studio 2015\projects\usbviewer2\usbviewer2\usbviewer.cpp(227): warning C4267: “参数”: 从“size_t”转换到“DWORD”，可能丢失数据
c:\users\lhl.liu\documents\visual studio 2015\projects\usbviewer2\usbviewer2\usbviewer.cpp(230): warning C4267: “参数”: 从“size_t”转换到“DWORD”，可能丢失数据
c:\users\lhl.liu\documents\visual studio 2015\projects\usbviewer2\usbviewer2\usbviewer.cpp(232): warning C4267: “参数”: 从“size_t”转换到“DWORD”，可能丢失数据
c:\users\lhl.liu\documents\visual studio 2015\projects\usbviewer2\usbviewer2\usbviewer.cpp(235): warning C4267: “参数”: 从“size_t”转换到“DWORD”，可能丢失数据
c:\users\lhl.liu\documents\visual studio 2015\projects\usbviewer2\usbviewer2\usbviewer.cpp(237): warning C4267: “参数”: 从“size_t”转换到“DWORD”，可能丢失数据
c:\users\lhl.liu\documents\visual studio 2015\projects\usbviewer2\usbviewer2\usbviewer.cpp(240): warning C4267: “参数”: 从“size_t”转换到“DWORD”，可能丢失数据
c:\users\lhl.liu\documents\visual studio 2015\projects\usbviewer2\usbviewer2\usbviewer.cpp(242): warning C4267: “参数”: 从“size_t”转换到“DWORD”，可能丢失数据
c:\users\lhl.liu\documents\visual studio 2015\projects\usbviewer2\usbviewer2\usbviewer.cpp(245): warning C4267: “参数”: 从“size_t”转换到“DWORD”，可能丢失数据
c:\users\lhl.liu\documents\visual studio 2015\projects\usbviewer2\usbviewer2\usbviewer.cpp(247): warning C4267: “参数”: 从“size_t”转换到“DWORD”，可能丢失数据
c:\users\lhl.liu\documents\visual studio 2015\projects\usbviewer2\usbviewer2\usbviewer.cpp(250): warning C4267: “参数”: 从“size_t”转换到“DWORD”，可能丢失数据
c:\users\lhl.liu\documents\visual studio 2015\projects\usbviewer2\usbviewer2\usbviewer.cpp(252): warning C4267: “参数”: 从“size_t”转换到“DWORD”，可能丢失数据
c:\users\lhl.liu\documents\visual studio 2015\projects\usbviewer2\usbviewer2\usbviewer.cpp(342): warning C4267: “=”: 从“size_t”转换到“DWORD”，可能丢失数据
c:\users\lhl.liu\documents\visual studio 2015\projects\usbviewer2\usbviewer2\usbviewer.cpp(344): warning C4267: “+=”: 从“size_t”转换到“UINT”，可能丢失数据
c:\users\lhl.liu\documents\visual studio 2015\projects\usbviewer2\usbviewer2\usbviewer.cpp(347): warning C4267: “=”: 从“size_t”转换到“DWORD”，可能丢失数据
c:\users\lhl.liu\documents\visual studio 2015\projects\usbviewer2\usbviewer2\usbviewer.cpp(349): warning C4267: “+=”: 从“size_t”转换到“UINT”，可能丢失数据
c:\users\lhl.liu\documents\visual studio 2015\projects\usbviewer2\usbviewer2\usbviewer.cpp(417): warning C4267: “=”: 从“size_t”转换到“UINT”，可能丢失数据
c:\users\lhl.liu\documents\visual studio 2015\projects\usbviewer2\usbviewer2\usbviewer.cpp(448): warning C4267: “参数”: 从“size_t”转换到“DWORD”，可能丢失数据
c:\users\lhl.liu\documents\visual studio 2015\projects\usbviewer2\usbviewer2\usbviewer.cpp(54): warning C4996: 'strcpy': This function or variable may be unsafe. Consider using strcpy_s instead. To disable deprecation, use _CRT_SECURE_NO_WARNINGS. See online help for details.
  c:\program files (x86)\windows kits\10\include\10.0.10240.0\ucrt\string.h(119): note: 参见“strcpy”的声明
c:\users\lhl.liu\documents\visual studio 2015\projects\usbviewer2\usbviewer2\usbviewer.cpp(111): warning C4996: 'strcat': This function or variable may be unsafe. Consider using strcat_s instead. To disable deprecation, use _CRT_SECURE_NO_WARNINGS. See online help for details.
  c:\program files (x86)\windows kits\10\include\10.0.10240.0\ucrt\string.h(90): note: 参见“strcat”的声明
c:\users\lhl.liu\documents\visual studio 2015\projects\usbviewer2\usbviewer2\usbviewer.cpp(112): warning C4996: 'strcat': This function or variable may be unsafe. Consider using strcat_s instead. To disable deprecation, use _CRT_SECURE_NO_WARNINGS. See online help for details.
  c:\program files (x86)\windows kits\10\include\10.0.10240.0\ucrt\string.h(90): note: 参见“strcat”的声明
c:\users\lhl.liu\documents\visual studio 2015\projects\usbviewer2\usbviewer2\usbviewer.cpp(166): warning C4996: 'strcpy': This function or variable may be unsafe. Consider using strcpy_s instead. To disable deprecation, use _CRT_SECURE_NO_WARNINGS. See online help for details.
  c:\program files (x86)\windows kits\10\include\10.0.10240.0\ucrt\string.h(119): note: 参见“strcpy”的声明
c:\users\lhl.liu\documents\visual studio 2015\projects\usbviewer2\usbviewer2\usbviewer.cpp(173): warning C4996: 'strcpy': This function or variable may be unsafe. Consider using strcpy_s instead. To disable deprecation, use _CRT_SECURE_NO_WARNINGS. See online help for details.
  c:\program files (x86)\windows kits\10\include\10.0.10240.0\ucrt\string.h(119): note: 参见“strcpy”的声明
c:\users\lhl.liu\documents\visual studio 2015\projects\usbviewer2\usbviewer2\usbviewer.cpp(198): warning C4996: 'strcat': This function or variable may be unsafe. Consider using strcat_s instead. To disable deprecation, use _CRT_SECURE_NO_WARNINGS. See online help for details.
  c:\program files (x86)\windows kits\10\include\10.0.10240.0\ucrt\string.h(90): note: 参见“strcat”的声明
c:\users\lhl.liu\documents\visual studio 2015\projects\usbviewer2\usbviewer2\usbviewer.cpp(203): warning C4996: 'strcpy': This function or variable may be unsafe. Consider using strcpy_s instead. To disable deprecation, use _CRT_SECURE_NO_WARNINGS. See online help for details.
  c:\program files (x86)\windows kits\10\include\10.0.10240.0\ucrt\string.h(119): note: 参见“strcpy”的声明
c:\users\lhl.liu\documents\visual studio 2015\projects\usbviewer2\usbviewer2\usbviewer.cpp(208): warning C4996: 'strcpy': This function or variable may be unsafe. Consider using strcpy_s instead. To disable deprecation, use _CRT_SECURE_NO_WARNINGS. See online help for details.
  c:\program files (x86)\windows kits\10\include\10.0.10240.0\ucrt\string.h(119): note: 参见“strcpy”的声明
c:\users\lhl.liu\documents\visual studio 2015\projects\usbviewer2\usbviewer2\usbviewer.cpp(219): warning C4996: 'strcpy': This function or variable may be unsafe. Consider using strcpy_s instead. To disable deprecation, use _CRT_SECURE_NO_WARNINGS. See online help for details.
  c:\program files (x86)\windows kits\10\include\10.0.10240.0\ucrt\string.h(119): note: 参见“strcpy”的声明
c:\users\lhl.liu\documents\visual studio 2015\projects\usbviewer2\usbviewer2\usbviewer.cpp(221): warning C4996: 'strcpy': This function or variable may be unsafe. Consider using strcpy_s instead. To disable deprecation, use _CRT_SECURE_NO_WARNINGS. See online help for details.
  c:\program files (x86)\windows kits\10\include\10.0.10240.0\ucrt\string.h(119): note: 参见“strcpy”的声明
c:\users\lhl.liu\documents\visual studio 2015\projects\usbviewer2\usbviewer2\usbviewer.cpp(224): warning C4996: 'strcpy': This function or variable may be unsafe. Consider using strcpy_s instead. To disable deprecation, use _CRT_SECURE_NO_WARNINGS. See online help for details.
  c:\program files (x86)\windows kits\10\include\10.0.10240.0\ucrt\string.h(119): note: 参见“strcpy”的声明
c:\users\lhl.liu\documents\visual studio 2015\projects\usbviewer2\usbviewer2\usbviewer.cpp(226): warning C4996: 'strcpy': This function or variable may be unsafe. Consider using strcpy_s instead. To disable deprecation, use _CRT_SECURE_NO_WARNINGS. See online help for details.
  c:\program files (x86)\windows kits\10\include\10.0.10240.0\ucrt\string.h(119): note: 参见“strcpy”的声明
c:\users\lhl.liu\documents\visual studio 2015\projects\usbviewer2\usbviewer2\usbviewer.cpp(229): warning C4996: 'strcpy': This function or variable may be unsafe. Consider using strcpy_s instead. To disable deprecation, use _CRT_SECURE_NO_WARNINGS. See online help for details.
  c:\program files (x86)\windows kits\10\include\10.0.10240.0\ucrt\string.h(119): note: 参见“strcpy”的声明
c:\users\lhl.liu\documents\visual studio 2015\projects\usbviewer2\usbviewer2\usbviewer.cpp(231): warning C4996: 'strcpy': This function or variable may be unsafe. Consider using strcpy_s instead. To disable deprecation, use _CRT_SECURE_NO_WARNINGS. See online help for details.
  c:\program files (x86)\windows kits\10\include\10.0.10240.0\ucrt\string.h(119): note: 参见“strcpy”的声明
c:\users\lhl.liu\documents\visual studio 2015\projects\usbviewer2\usbviewer2\usbviewer.cpp(234): warning C4996: 'strcpy': This function or variable may be unsafe. Consider using strcpy_s instead. To disable deprecation, use _CRT_SECURE_NO_WARNINGS. See online help for details.
  c:\program files (x86)\windows kits\10\include\10.0.10240.0\ucrt\string.h(119): note: 参见“strcpy”的声明
c:\users\lhl.liu\documents\visual studio 2015\projects\usbviewer2\usbviewer2\usbviewer.cpp(236): warning C4996: 'strcpy': This function or variable may be unsafe. Consider using strcpy_s instead. To disable deprecation, use _CRT_SECURE_NO_WARNINGS. See online help for details.
  c:\program files (x86)\windows kits\10\include\10.0.10240.0\ucrt\string.h(119): note: 参见“strcpy”的声明
c:\users\lhl.liu\documents\visual studio 2015\projects\usbviewer2\usbviewer2\usbviewer.cpp(239): warning C4996: 'strcpy': This function or variable may be unsafe. Consider using strcpy_s instead. To disable deprecation, use _CRT_SECURE_NO_WARNINGS. See online help for details.
  c:\program files (x86)\windows kits\10\include\10.0.10240.0\ucrt\string.h(119): note: 参见“strcpy”的声明
c:\users\lhl.liu\documents\visual studio 2015\projects\usbviewer2\usbviewer2\usbviewer.cpp(241): warning C4996: 'strcpy': This function or variable may be unsafe. Consider using strcpy_s instead. To disable deprecation, use _CRT_SECURE_NO_WARNINGS. See online help for details.
  c:\program files (x86)\windows kits\10\include\10.0.10240.0\ucrt\string.h(119): note: 参见“strcpy”的声明
c:\users\lhl.liu\documents\visual studio 2015\projects\usbviewer2\usbviewer2\usbviewer.cpp(244): warning C4996: 'strcpy': This function or variable may be unsafe. Consider using strcpy_s instead. To disable deprecation, use _CRT_SECURE_NO_WARNINGS. See online help for details.
  c:\program files (x86)\windows kits\10\include\10.0.10240.0\ucrt\string.h(119): note: 参见“strcpy”的声明
c:\users\lhl.liu\documents\visual studio 2015\projects\usbviewer2\usbviewer2\usbviewer.cpp(246): warning C4996: 'strcpy': This function or variable may be unsafe. Consider using strcpy_s instead. To disable deprecation, use _CRT_SECURE_NO_WARNINGS. See online help for details.
  c:\program files (x86)\windows kits\10\include\10.0.10240.0\ucrt\string.h(119): note: 参见“strcpy”的声明
c:\users\lhl.liu\documents\visual studio 2015\projects\usbviewer2\usbviewer2\usbviewer.cpp(249): warning C4996: 'strcpy': This function or variable may be unsafe. Consider using strcpy_s instead. To disable deprecation, use _CRT_SECURE_NO_WARNINGS. See online help for details.
  c:\program files (x86)\windows kits\10\include\10.0.10240.0\ucrt\string.h(119): note: 参见“strcpy”的声明
c:\users\lhl.liu\documents\visual studio 2015\projects\usbviewer2\usbviewer2\usbviewer.cpp(251): warning C4996: 'strcpy': This function or variable may be unsafe. Consider using strcpy_s instead. To disable deprecation, use _CRT_SECURE_NO_WARNINGS. See online help for details.
  c:\program files (x86)\windows kits\10\include\10.0.10240.0\ucrt\string.h(119): note: 参见“strcpy”的声明
c:\users\lhl.liu\documents\visual studio 2015\projects\usbviewer2\usbviewer2\usbviewer.cpp(341): warning C4996: 'strcpy': This function or variable may be unsafe. Consider using strcpy_s instead. To disable deprecation, use _CRT_SECURE_NO_WARNINGS. See online help for details.
  c:\program files (x86)\windows kits\10\include\10.0.10240.0\ucrt\string.h(119): note: 参见“strcpy”的声明
c:\users\lhl.liu\documents\visual studio 2015\projects\usbviewer2\usbviewer2\usbviewer.cpp(346): warning C4996: 'strcpy': This function or variable may be unsafe. Consider using strcpy_s instead. To disable deprecation, use _CRT_SECURE_NO_WARNINGS. See online help for details.
  c:\program files (x86)\windows kits\10\include\10.0.10240.0\ucrt\string.h(119): note: 参见“strcpy”的声明
c:\users\lhl.liu\documents\visual studio 2015\projects\usbviewer2\usbviewer2\usbviewer.cpp(380): warning C4996: 'strcpy': This function or variable may be unsafe. Consider using strcpy_s instead. To disable deprecation, use _CRT_SECURE_NO_WARNINGS. See online help for details.
  c:\program files (x86)\windows kits\10\include\10.0.10240.0\ucrt\string.h(119): note: 参见“strcpy”的声明
c:\users\lhl.liu\documents\visual studio 2015\projects\usbviewer2\usbviewer2\usbviewer.cpp(381): warning C4996: 'strcpy': This function or variable may be unsafe. Consider using strcpy_s instead. To disable deprecation, use _CRT_SECURE_NO_WARNINGS. See online help for details.
  c:\program files (x86)\windows kits\10\include\10.0.10240.0\ucrt\string.h(119): note: 参见“strcpy”的声明
c:\users\lhl.liu\documents\visual studio 2015\projects\usbviewer2\usbviewer2\usbviewer.cpp(382): warning C4996: 'strcpy': This function or variable may be unsafe. Consider using strcpy_s instead. To disable deprecation, use _CRT_SECURE_NO_WARNINGS. See online help for details.
  c:\program files (x86)\windows kits\10\include\10.0.10240.0\ucrt\string.h(119): note: 参见“strcpy”的声明
c:\users\lhl.liu\documents\visual studio 2015\projects\usbviewer2\usbviewer2\usbviewer.cpp(389): warning C4996: 'strcpy': This function or variable may be unsafe. Consider using strcpy_s instead. To disable deprecation, use _CRT_SECURE_NO_WARNINGS. See online help for details.
  c:\program files (x86)\windows kits\10\include\10.0.10240.0\ucrt\string.h(119): note: 参见“strcpy”的声明
c:\users\lhl.liu\documents\visual studio 2015\projects\usbviewer2\usbviewer2\usbviewer.cpp(390): warning C4996: 'strcpy': This function or variable may be unsafe. Consider using strcpy_s instead. To disable deprecation, use _CRT_SECURE_NO_WARNINGS. See online help for details.
  c:\program files (x86)\windows kits\10\include\10.0.10240.0\ucrt\string.h(119): note: 参见“strcpy”的声明
c:\users\lhl.liu\documents\visual studio 2015\projects\usbviewer2\usbviewer2\usbviewer.cpp(391): warning C4996: 'strcpy': This function or variable may be unsafe. Consider using strcpy_s instead. To disable deprecation, use _CRT_SECURE_NO_WARNINGS. See online help for details.
  c:\program files (x86)\windows kits\10\include\10.0.10240.0\ucrt\string.h(119): note: 参见“strcpy”的声明
c:\users\lhl.liu\documents\visual studio 2015\projects\usbviewer2\usbviewer2\usbviewer.cpp(410): warning C4996: 'strcpy': This function or variable may be unsafe. Consider using strcpy_s instead. To disable deprecation, use _CRT_SECURE_NO_WARNINGS. See online help for details.
  c:\program files (x86)\windows kits\10\include\10.0.10240.0\ucrt\string.h(119): note: 参见“strcpy”的声明
c:\users\lhl.liu\documents\visual studio 2015\projects\usbviewer2\usbviewer2\usbviewer.cpp(412): warning C4996: 'strcat': This function or variable may be unsafe. Consider using strcat_s instead. To disable deprecation, use _CRT_SECURE_NO_WARNINGS. See online help for details.
  c:\program files (x86)\windows kits\10\include\10.0.10240.0\ucrt\string.h(90): note: 参见“strcat”的声明
c:\users\lhl.liu\documents\visual studio 2015\projects\usbviewer2\usbviewer2\usbviewer.cpp(415): warning C4996: 'strcat': This function or variable may be unsafe. Consider using strcat_s instead. To disable deprecation, use _CRT_SECURE_NO_WARNINGS. See online help for details.
  c:\program files (x86)\windows kits\10\include\10.0.10240.0\ucrt\string.h(90): note: 参见“strcat”的声明
c:\users\lhl.liu\documents\visual studio 2015\projects\usbviewer2\usbviewer2\usbviewer.cpp(429): warning C4996: 'asctime': This function or variable may be unsafe. Consider using asctime_s instead. To disable deprecation, use _CRT_SECURE_NO_WARNINGS. See online help for details.
  c:\program files (x86)\windows kits\10\include\10.0.10240.0\ucrt\time.h(116): note: 参见“asctime”的声明
c:\users\lhl.liu\documents\visual studio 2015\projects\usbviewer2\usbviewer2\usbviewer.cpp(430): warning C4996: 'asctime': This function or variable may be unsafe. Consider using asctime_s instead. To disable deprecation, use _CRT_SECURE_NO_WARNINGS. See online help for details.
  c:\program files (x86)\windows kits\10\include\10.0.10240.0\ucrt\time.h(116): note: 参见“asctime”的声明
c:\users\lhl.liu\documents\visual studio 2015\projects\usbviewer2\usbviewer2\usbviewer.cpp(443): warning C4996: 'strcpy': This function or variable may be unsafe. Consider using strcpy_s instead. To disable deprecation, use _CRT_SECURE_NO_WARNINGS. See online help for details.
  c:\program files (x86)\windows kits\10\include\10.0.10240.0\ucrt\string.h(119): note: 参见“strcpy”的声明
c:\users\lhl.liu\documents\visual studio 2015\projects\usbviewer2\usbviewer2\usbviewer.cpp(444): warning C4996: 'strcat': This function or variable may be unsafe. Consider using strcat_s instead. To disable deprecation, use _CRT_SECURE_NO_WARNINGS. See online help for details.
  c:\program files (x86)\windows kits\10\include\10.0.10240.0\ucrt\string.h(90): note: 参见“strcat”的声明
c:\users\lhl.liu\documents\visual studio 2015\projects\usbviewer2\usbviewer2\usbviewer.cpp(445): warning C4996: 'strcat': This function or variable may be unsafe. Consider using strcat_s instead. To disable deprecation, use _CRT_SECURE_NO_WARNINGS. See online help for details.
  c:\program files (x86)\windows kits\10\include\10.0.10240.0\ucrt\string.h(90): note: 参见“strcat”的声明
c:\users\lhl.liu\documents\visual studio 2015\projects\usbviewer2\usbviewer2\usbviewer.cpp(446): warning C4996: 'strcat': This function or variable may be unsafe. Consider using strcat_s instead. To disable deprecation, use _CRT_SECURE_NO_WARNINGS. See online help for details.
  c:\program files (x86)\windows kits\10\include\10.0.10240.0\ucrt\string.h(90): note: 参见“strcat”的声明
c:\users\lhl.liu\documents\visual studio 2015\projects\usbviewer2\usbviewer2\usbviewer.cpp(447): warning C4996: 'strcat': This function or variable may be unsafe. Consider using strcat_s instead. To disable deprecation, use _CRT_SECURE_NO_WARNINGS. See online help for details.
  c:\program files (x86)\windows kits\10\include\10.0.10240.0\ucrt\string.h(90): note: 参见“strcat”的声明
c:\users\lhl.liu\documents\visual studio 2015\projects\usbviewer2\usbviewer2\usbviewer.cpp(537): warning C4267: “=”: 从“size_t”转换到“DWORD”，可能丢失数据
c:\users\lhl.liu\documents\visual studio 2015\projects\usbviewer2\usbviewer2\usbviewer.cpp(515): warning C4996: 'strncpy': This function or variable may be unsafe. Consider using strncpy_s instead. To disable deprecation, use _CRT_SECURE_NO_WARNINGS. See online help for details.
  c:\program files (x86)\windows kits\10\include\10.0.10240.0\ucrt\string.h(346): note: 参见“strncpy”的声明
c:\users\lhl.liu\documents\visual studio 2015\projects\usbviewer2\usbviewer2\usbviewer.cpp(518): warning C4996: 'strncpy': This function or variable may be unsafe. Consider using strncpy_s instead. To disable deprecation, use _CRT_SECURE_NO_WARNINGS. See online help for details.
  c:\program files (x86)\windows kits\10\include\10.0.10240.0\ucrt\string.h(346): note: 参见“strncpy”的声明
c:\users\lhl.liu\documents\visual studio 2015\projects\usbviewer2\usbviewer2\usbviewer.cpp(521): warning C4996: 'strncpy': This function or variable may be unsafe. Consider using strncpy_s instead. To disable deprecation, use _CRT_SECURE_NO_WARNINGS. See online help for details.
  c:\program files (x86)\windows kits\10\include\10.0.10240.0\ucrt\string.h(346): note: 参见“strncpy”的声明
c:\users\lhl.liu\documents\visual studio 2015\projects\usbviewer2\usbviewer2\usbviewer.cpp(524): warning C4996: 'strncpy': This function or variable may be unsafe. Consider using strncpy_s instead. To disable deprecation, use _CRT_SECURE_NO_WARNINGS. See online help for details.
  c:\program files (x86)\windows kits\10\include\10.0.10240.0\ucrt\string.h(346): note: 参见“strncpy”的声明
c:\users\lhl.liu\documents\visual studio 2015\projects\usbviewer2\usbviewer2\usbviewer.cpp(527): warning C4996: 'strncpy': This function or variable may be unsafe. Consider using strncpy_s instead. To disable deprecation, use _CRT_SECURE_NO_WARNINGS. See online help for details.
  c:\program files (x86)\windows kits\10\include\10.0.10240.0\ucrt\string.h(346): note: 参见“strncpy”的声明
c:\users\lhl.liu\documents\visual studio 2015\projects\usbviewer2\usbviewer2\usbviewer.cpp(530): warning C4996: 'strncpy': This function or variable may be unsafe. Consider using strncpy_s instead. To disable deprecation, use _CRT_SECURE_NO_WARNINGS. See online help for details.
  c:\program files (x86)\windows kits\10\include\10.0.10240.0\ucrt\string.h(346): note: 参见“strncpy”的声明
c:\users\lhl.liu\documents\visual studio 2015\projects\usbviewer2\usbviewer2\usbviewer.cpp(533): warning C4996: 'strncpy': This function or variable may be unsafe. Consider using strncpy_s instead. To disable deprecation, use _CRT_SECURE_NO_WARNINGS. See online help for details.
  c:\program files (x86)\windows kits\10\include\10.0.10240.0\ucrt\string.h(346): note: 参见“strncpy”的声明
  usbviewer2.vcxproj -> c:\Users\lhl.liu\Documents\Visual Studio 2015\Projects\usbviewer2\x64\Debug\usbviewer2.exe
  usbviewer2.vcxproj -> c:\Users\lhl.liu\Documents\Visual Studio 2015\Projects\usbviewer2\x64\Debug\usbviewer2.pdb (Partial PDB)
